[2025-07-23T16:25:31.508Z] [LOGIN] mnyforwork@gmail.com - IP: ::1 - UA: Mozilla/5.0 (iPhone; CPU iPhone OS 16_6 like Mac OS X) AppleWebKit/605.1.15 (KHTML, like Gecko) Version/16.6 Mobile/15E148 Safari/604.1
[2025-07-23T16:28:04.306Z] [LOGIN] mnyforwork@gmail.com - IP: ::1 - UA: Mozilla/5.0 (iPhone; CPU iPhone OS 16_6 like Mac OS X) AppleWebKit/605.1.15 (KHTML, like Gecko) Version/16.6 Mobile/15E148 Safari/604.1
[23/7/2568 23:29:36] [LOGIN] mnyforwork@gmail.com - IP: ::1 - UA: Mozilla/5.0 (iPhone; CPU iPhone OS 16_6 like Mac OS X) AppleWebKit/605.1.15 (KHTML, like Gecko) Version/16.6 Mobile/15E148 Safari/604.1
[23/7/2568 23:33:07] [LOGIN] mnyforwork@gmail.com - IP: ::1 - UA: Mozilla/5.0 (iPhone; CPU iPhone OS 16_6 like Mac OS X) AppleWebKit/605.1.15 (KHTML, like Gecko) Version/16.6 Mobile/15E148 Safari/604.1
[23/7/2568 23:33:45] [LOGIN] mnyforwork@gmail.com - IP: ::1 - UA: Mozilla/5.0 (iPhone; CPU iPhone OS 16_6 like Mac OS X) AppleWebKit/605.1.15 (KHTML, like Gecko) Version/16.6 Mobile/15E148 Safari/604.1
[23/7/2568 23:35:56] [LOGIN] mnyforwork@gmail.com - IP: ::1 - UA: Mozilla/5.0 (iPhone; CPU iPhone OS 16_6 like Mac OS X) AppleWebKit/605.1.15 (KHTML, like Gecko) Version/16.6 Mobile/15E148 Safari/604.1
[23/7/2568 23:37:54] [LOGIN] mnyforwork@gmail.com - IP: ::1 - UA: Mozilla/5.0 (iPhone; CPU iPhone OS 16_6 like Mac OS X) AppleWebKit/605.1.15 (KHTML, like Gecko) Version/16.6 Mobile/15E148 Safari/604.1
[23/7/2568 23:38:09] [LOGOUT] mnyforwork@gmail.com - IP: unknown - UA: unknown
[23/7/2568 23:41:35] [LOGIN] mnyforwork@gmail.com - IP: ::1 - UA: Mozilla/5.0 (iPhone; CPU iPhone OS 16_6 like Mac OS X) AppleWebKit/605.1.15 (KHTML, like Gecko) Version/16.6 Mobile/15E148 Safari/604.1
[23/7/2568 23:41:48] [LOGOUT] mnyforwork@gmail.com - IP: unknown - UA: unknown
[23/7/2568 23:51:23] [LOGOUT] mnyforwork@gmail.com - IP: unknown - UA: unknown
[24/7/2568 00:57:51] [LOGIN] mnyforwork@gmail.com - IP: ::1 - UA: Mozilla/5.0 (Windows NT 10.0; Win64; x64) AppleWebKit/537.36 (KHTML, like Gecko) Chrome/138.0.0.0 Safari/537.36
[24/7/2568 00:58:56] [LOGOUT] mnyforwork@gmail.com - IP: localhost - UA: Mozilla/5.0 (Windows NT 10.0; Win64; x64) AppleWebKit/537.36 (KHTML, like Gecko) Chrome/138.0.0.0 Safari/537.36
[24/7/2568 00:59:01] [LOGIN] mnyforwork@gmail.com - IP: ::1 - UA: Mozilla/5.0 (Windows NT 10.0; Win64; x64) AppleWebKit/537.36 (KHTML, like Gecko) Chrome/138.0.0.0 Safari/537.36
[24/7/2568 00:59:28] [LOGOUT] mnyforwork@gmail.com - IP: localhost - UA: Mozilla/5.0 (Windows NT 10.0; Win64; x64) AppleWebKit/537.36 (KHTML, like Gecko) Chrome/138.0.0.0 Safari/537.36
[25/7/2568 09:34:41] [LOGIN] mnyforwork@gmail.com - IP: ::1 - UA: Mozilla/5.0 (iPhone; CPU iPhone OS 16_6 like Mac OS X) AppleWebKit/605.1.15 (KHTML, like Gecko) Version/16.6 Mobile/15E148 Safari/604.1
[25/7/2568 09:38:11] [LOGIN] mnyforwork@gmail.com - IP: ::1 - UA: Mozilla/5.0 (iPhone; CPU iPhone OS 16_6 like Mac OS X) AppleWebKit/605.1.15 (KHTML, like Gecko) Version/16.6 Mobile/15E148 Safari/604.1
[25/7/2568 09:41:57] [LOGIN] mnyforwork@gmail.com - IP: ::1 - UA: Mozilla/5.0 (iPhone; CPU iPhone OS 16_6 like Mac OS X) AppleWebKit/605.1.15 (KHTML, like Gecko) Version/16.6 Mobile/15E148 Safari/604.1
[25/7/2568 09:48:43] [LOGIN] mnyforwork@gmail.com - IP: ::1 - UA: Mozilla/5.0 (iPhone; CPU iPhone OS 16_6 like Mac OS X) AppleWebKit/605.1.15 (KHTML, like Gecko) Version/16.6 Mobile/15E148 Safari/604.1
[28/7/2568 11:09:31] [LOGIN] mnyforwork@gmail.com - IP: ::1 - UA: Mozilla/5.0 (iPhone; CPU iPhone OS 16_6 like Mac OS X) AppleWebKit/605.1.15 (KHTML, like Gecko) Version/16.6 Mobile/15E148 Safari/604.1
[28/7/2568 11:09:43] [LOGIN] mnyforwork@gmail.com - IP: ::1 - UA: Mozilla/5.0 (iPhone; CPU iPhone OS 16_6 like Mac OS X) AppleWebKit/605.1.15 (KHTML, like Gecko) Version/16.6 Mobile/15E148 Safari/604.1
[28/7/2568 11:10:22] [LOGIN] mnyforwork@gmail.com - IP: ::1 - UA: Mozilla/5.0 (iPhone; CPU iPhone OS 16_6 like Mac OS X) AppleWebKit/605.1.15 (KHTML, like Gecko) Version/16.6 Mobile/15E148 Safari/604.1
[28/7/2568 11:10:29] [LOGIN] mnyforwork@gmail.com - IP: ::1 - UA: Mozilla/5.0 (iPhone; CPU iPhone OS 16_6 like Mac OS X) AppleWebKit/605.1.15 (KHTML, like Gecko) Version/16.6 Mobile/15E148 Safari/604.1
